<?xml version="1.0" encoding="UTF-8"?>
<!-- Generated by org.testng.reporters.JUnitReportReporter -->
<testsuite hostname="DESKTOP-GDOR9DN" failures="0" tests="3" name="testNGFB.FacebookApplicationTestNG" time="36.822" errors="0" timestamp="2022-07-14T14:38:15 IST" skipped="0">
  <testcase classname="testNGFB.FacebookApplicationTestNG" name="verifyWatchLive" time="11.294"/>
  <system-out/>
  <testcase classname="testNGFB.FacebookApplicationTestNG" name="verifyFriendsURL" time="13.782"/>
  <system-out/>
  <testcase classname="testNGFB.FacebookApplicationTestNG" name="verifyMarketPlace" time="11.746"/>
  <system-out/>
</testsuite> <!-- testNGFB.FacebookApplicationTestNG -->
