<?xml version="1.0" encoding="UTF-8"?>
<!-- Generated by org.testng.reporters.JUnitReportReporter -->
<testsuite hostname="DESKTOP-GDOR9DN" failures="0" tests="3" name="testNGFB.Testdemo" time="43.278" errors="0" timestamp="2022-06-24T18:10:23 IST" skipped="0">
  <testcase classname="testNGFB.Testdemo" name="verifyMarketPlace" time="10.791"/>
  <system-out/>
  <testcase classname="testNGFB.Testdemo" name="homeFB" time="15.716"/>
  <system-out/>
  <testcase classname="testNGFB.Testdemo" name="homeFB" time="16.771"/>
  <system-out/>
</testsuite> <!-- testNGFB.Testdemo -->
