<?xml version="1.0" encoding="UTF-8"?>
<!-- Generated by org.testng.reporters.JUnitReportReporter -->
<testsuite hostname="DESKTOP-GDOR9DN" failures="0" tests="3" name="testNGFB.LoginTestNG" time="39.926" errors="0" timestamp="2022-06-22T16:10:28 IST" skipped="0">
  <testcase classname="testNGFB.LoginTestNG" name="verifyMarketPlace" time="15.526"/>
  <system-out/>
  <testcase classname="testNGFB.LoginTestNG" name="verifyFriendsURL" time="12.507"/>
  <system-out/>
  <testcase classname="testNGFB.LoginTestNG" name="verifyWatchLive" time="11.893"/>
  <system-out/>
</testsuite> <!-- testNGFB.LoginTestNG -->
