<?xml version="1.0" encoding="UTF-8"?>
<!-- Generated by org.testng.reporters.JUnitReportReporter -->
<testsuite hostname="DESKTOP-GDOR9DN" failures="0" tests="4" name="testNGFB.HomeFBVerification" time="55.435" errors="0" timestamp="2022-06-29T17:45:39 IST" skipped="0">
  <testcase classname="testNGFB.HomeFBVerification" name="homeFB" time="14.030"/>
  <system-out/>
  <testcase classname="testNGFB.HomeFBVerification" name="homeFB" time="14.261"/>
  <system-out/>
  <testcase classname="testNGFB.HomeFBVerification" name="verifyMarketPlace" time="13.008"/>
  <system-out/>
  <testcase classname="testNGFB.HomeFBVerification" name="verifyMarketPlace" time="14.136"/>
  <system-out/>
</testsuite> <!-- testNGFB.HomeFBVerification -->
